2025-12-06 16:03:47,621 - INFO - Вариант 1 - последовательное выполнение/последовательный код: Работа функции download_content.
2025-12-06 16:03:48,352 - INFO - Содержимое https://www.onliner.by/ имеет размер 526663 символов
2025-12-06 16:03:49,377 - INFO - Содержимое https://realt.onliner.by/2025/12/06/minsk-iz-starogo-alboma имеет размер 133175 символов
2025-12-06 16:03:50,392 - INFO - Содержимое https://tech.onliner.by/2025/12/06/astrapoglyad-golosovanie имеет размер 169316 символов
2025-12-06 16:03:51,323 - INFO - Содержимое https://www.nbrb.by/apihelp/exrates имеет размер 138944 символов
2025-12-06 16:03:52,359 - INFO - Содержимое https://auto.onliner.by/2025/12/06/autoshow-la имеет размер 146841 символов
2025-12-06 16:03:53,409 - INFO - Содержимое https://catalog.onliner.by/ имеет размер 820255 символов
2025-12-06 16:03:54,304 - INFO - Содержимое https://r.onliner.by/pk/ имеет размер 144150 символов
2025-12-06 16:03:55,330 - INFO - Содержимое https://www.onliner.by/ имеет размер 526668 символов
2025-12-06 16:03:56,373 - INFO - Содержимое https://realt.onliner.by/2025/12/06/minsk-iz-starogo-alboma имеет размер 133182 символов
2025-12-06 16:03:57,391 - INFO - Содержимое https://tech.onliner.by/2025/12/06/astrapoglyad-golosovanie имеет размер 169321 символов
2025-12-06 16:03:58,325 - INFO - Содержимое https://www.nbrb.by/apihelp/exrates имеет размер 138944 символов
2025-12-06 16:03:59,716 - INFO - Содержимое https://auto.onliner.by/2025/12/06/autoshow-la имеет размер 146844 символов
2025-12-06 16:04:00,419 - INFO - Содержимое https://catalog.onliner.by/ имеет размер 820229 символов
2025-12-06 16:04:01,331 - INFO - Содержимое https://r.onliner.by/pk/ имеет размер 144150 символов
2025-12-06 16:04:01,333 - INFO - Время выполнения: 00:00:13.
2025-12-06 16:04:05,733 - INFO - Вариант 2 -threading: Работа функции download_content.
2025-12-06 16:04:06,461 - INFO - Содержимое https://r.onliner.by/pk/ имеет размер 144146 символов
2025-12-06 16:04:06,473 - INFO - Содержимое https://r.onliner.by/pk/ имеет размер 144152 символов
2025-12-06 16:04:06,584 - INFO - Содержимое https://www.nbrb.by/apihelp/exrates имеет размер 138944 символов
2025-12-06 16:04:06,648 - INFO - Содержимое https://www.onliner.by/ имеет размер 526653 символов
2025-12-06 16:04:06,676 - INFO - Содержимое https://www.onliner.by/ имеет размер 526646 символов
2025-12-06 16:04:06,764 - INFO - Содержимое https://auto.onliner.by/2025/12/06/autoshow-la имеет размер 146833 символов
2025-12-06 16:04:06,771 - INFO - Содержимое https://auto.onliner.by/2025/12/06/autoshow-la имеет размер 146860 символов
2025-12-06 16:04:06,929 - INFO - Содержимое https://realt.onliner.by/2025/12/06/minsk-iz-starogo-alboma имеет размер 133183 символов
2025-12-06 16:04:06,996 - INFO - Содержимое https://catalog.onliner.by/ имеет размер 820225 символов
2025-12-06 16:04:07,098 - INFO - Содержимое https://realt.onliner.by/2025/12/06/minsk-iz-starogo-alboma имеет размер 133183 символов
2025-12-06 16:04:07,157 - INFO - Содержимое https://tech.onliner.by/2025/12/06/astrapoglyad-golosovanie имеет размер 169327 символов
2025-12-06 16:04:07,419 - INFO - Содержимое https://catalog.onliner.by/ имеет размер 820249 символов
2025-12-06 16:04:07,539 - INFO - Содержимое https://tech.onliner.by/2025/12/06/astrapoglyad-golosovanie имеет размер 169320 символов
2025-12-06 16:04:08,351 - INFO - Содержимое https://www.nbrb.by/apihelp/exrates имеет размер 138944 символов
2025-12-06 16:04:08,354 - INFO - Время выполнения: 00:00:02.
2025-12-06 16:04:14,438 - INFO - Вариант 3 - multiprocessing: Работа функции download_content.git a
2025-12-06 16:04:15,358 - INFO - Содержимое https://www.nbrb.by/apihelp/exrates имеет размер 138944 символов
2025-12-06 16:04:15,369 - INFO - Содержимое https://www.onliner.by/ имеет размер 526670 символов
2025-12-06 16:04:15,370 - INFO - Содержимое https://www.onliner.by/ имеет размер 526691 символов
2025-12-06 16:04:15,389 - INFO - Содержимое https://auto.onliner.by/2025/12/06/autoshow-la имеет размер 146841 символов
2025-12-06 16:04:15,420 - INFO - Содержимое https://realt.onliner.by/2025/12/06/minsk-iz-starogo-alboma имеет размер 133183 символов
2025-12-06 16:04:15,539 - INFO - Содержимое https://www.nbrb.by/apihelp/exrates имеет размер 138944 символов
2025-12-06 16:04:15,589 - INFO - Содержимое https://realt.onliner.by/2025/12/06/minsk-iz-starogo-alboma имеет размер 133180 символов
2025-12-06 16:04:15,643 - INFO - Содержимое https://catalog.onliner.by/ имеет размер 820246 символов
2025-12-06 16:04:15,734 - INFO - Содержимое https://r.onliner.by/pk/ имеет размер 144149 символов
2025-12-06 16:04:15,759 - INFO - Содержимое https://r.onliner.by/pk/ имеет размер 144146 символов
2025-12-06 16:04:15,989 - INFO - Содержимое https://tech.onliner.by/2025/12/06/astrapoglyad-golosovanie имеет размер 169326 символов
2025-12-06 16:04:16,107 - INFO - Содержимое https://catalog.onliner.by/ имеет размер 820256 символов
2025-12-06 16:04:16,195 - INFO - Содержимое https://tech.onliner.by/2025/12/06/astrapoglyad-golosovanie имеет размер 169326 символов
2025-12-06 16:04:16,363 - INFO - Содержимое https://auto.onliner.by/2025/12/06/autoshow-la имеет размер 146840 символов
2025-12-06 16:04:16,363 - INFO - Время выполнения: 00:00:01.
